<?xml version="1.0" encoding="UTF-8"?>
<coverage generated="1682565289188" clover="3.2.0">
  <project timestamp="1682565289189" name="All files">
    <metrics statements="20" coveredstatements="18" conditionals="2" coveredconditionals="1" methods="5" coveredmethods="4" elements="27" coveredelements="23" complexity="0" loc="20" ncloc="20" packages="1" files="1" classes="1"/>
    <file name="emoji.js" path="/Users/graceelizabethmorgan-maxwell/code /JS-Calculator/src/emoji.js">
      <metrics statements="20" coveredstatements="18" conditionals="2" coveredconditionals="1" methods="5" coveredmethods="4"/>
      <line num="3" count="1" type="stmt"/>
      <line num="21" count="6" type="cond" truecount="1" falsecount="1"/>
      <line num="23" count="6" type="stmt"/>
      <line num="24" count="6" type="stmt"/>
      <line num="25" count="6" type="stmt"/>
      <line num="26" count="6" type="stmt"/>
      <line num="28" count="6" type="stmt"/>
      <line num="29" count="6" type="stmt"/>
      <line num="30" count="6" type="stmt"/>
      <line num="31" count="6" type="stmt"/>
      <line num="33" count="6" type="stmt"/>
      <line num="35" count="6" type="stmt"/>
      <line num="36" count="1" type="stmt"/>
      <line num="41" count="5" type="stmt"/>
      <line num="42" count="5" type="stmt"/>
      <line num="43" count="4" type="stmt"/>
      <line num="48" count="1" type="stmt"/>
      <line num="49" count="0" type="stmt"/>
      <line num="50" count="0" type="stmt"/>
      <line num="53" count="1" type="stmt"/>
    </file>
  </project>
</coverage>
