{"/Users/graceelizabethmorgan-maxwell/code /JS-Calculator/src/calculator.js": {"path":"/Users/graceelizabethmorgan-maxwell/code /JS-Calculator/src/calculator.js","statementMap":{"0":{"start":{"line":5,"column":2},"end":{"line":5,"column":67}},"1":{"start":{"line":6,"column":2},"end":{"line":6,"column":71}},"2":{"start":{"line":7,"column":2},"end":{"line":9,"column":4}},"3":{"start":{"line":10,"column":2},"end":{"line":10,"column":25}},"4":{"start":{"line":11,"column":2},"end":{"line":11,"column":26}},"5":{"start":{"line":12,"column":2},"end":{"line":12,"column":30}},"6":{"start":{"line":13,"column":2},"end":{"line":13,"column":33}},"7":{"start":{"line":15,"column":2},"end":{"line":17,"column":4}},"8":{"start":{"line":16,"column":3},"end":{"line":16,"column":28}},"9":{"start":{"line":21,"column":2},"end":{"line":24,"column":3}},"10":{"start":{"line":22,"column":3},"end":{"line":22,"column":42}},"11":{"start":{"line":23,"column":3},"end":{"line":23,"column":34}},"12":{"start":{"line":25,"column":2},"end":{"line":25,"column":46}},"13":{"start":{"line":29,"column":2},"end":{"line":29,"column":41}},"14":{"start":{"line":30,"column":2},"end":{"line":30,"column":33}},"15":{"start":{"line":34,"column":2},"end":{"line":34,"column":42}},"16":{"start":{"line":35,"column":2},"end":{"line":35,"column":46}},"17":{"start":{"line":36,"column":2},"end":{"line":36,"column":25}},"18":{"start":{"line":37,"column":2},"end":{"line":37,"column":26}},"19":{"start":{"line":38,"column":2},"end":{"line":38,"column":30}},"20":{"start":{"line":42,"column":2},"end":{"line":42,"column":37}},"21":{"start":{"line":42,"column":30},"end":{"line":42,"column":37}},"22":{"start":{"line":43,"column":2},"end":{"line":45,"column":3}},"23":{"start":{"line":44,"column":3},"end":{"line":44,"column":20}},"24":{"start":{"line":46,"column":2},"end":{"line":46,"column":68}},"25":{"start":{"line":47,"column":2},"end":{"line":47,"column":34}},"26":{"start":{"line":48,"column":2},"end":{"line":48,"column":32}},"27":{"start":{"line":52,"column":2},"end":{"line":52,"column":70}},"28":{"start":{"line":52,"column":63},"end":{"line":52,"column":70}},"29":{"start":{"line":53,"column":2},"end":{"line":53,"column":69}},"30":{"start":{"line":56,"column":2},"end":{"line":71,"column":3}},"31":{"start":{"line":58,"column":4},"end":{"line":58,"column":52}},"32":{"start":{"line":59,"column":4},"end":{"line":59,"column":10}},"33":{"start":{"line":61,"column":4},"end":{"line":61,"column":52}},"34":{"start":{"line":62,"column":4},"end":{"line":62,"column":10}},"35":{"start":{"line":64,"column":4},"end":{"line":64,"column":52}},"36":{"start":{"line":65,"column":4},"end":{"line":65,"column":10}},"37":{"start":{"line":67,"column":4},"end":{"line":67,"column":52}},"38":{"start":{"line":68,"column":4},"end":{"line":68,"column":10}},"39":{"start":{"line":70,"column":4},"end":{"line":70,"column":11}},"40":{"start":{"line":73,"column":2},"end":{"line":75,"column":3}},"41":{"start":{"line":74,"column":3},"end":{"line":74,"column":45}},"42":{"start":{"line":77,"column":2},"end":{"line":77,"column":78}},"43":{"start":{"line":78,"column":2},"end":{"line":78,"column":114}},"44":{"start":{"line":79,"column":2},"end":{"line":79,"column":30}},"45":{"start":{"line":80,"column":2},"end":{"line":80,"column":32}},"46":{"start":{"line":84,"column":17},"end":{"line":84,"column":25}},"47":{"start":{"line":86,"column":2},"end":{"line":88,"column":3}},"48":{"start":{"line":87,"column":3},"end":{"line":87,"column":10}},"49":{"start":{"line":90,"column":17},"end":{"line":90,"column":38}},"50":{"start":{"line":92,"column":2},"end":{"line":115,"column":3}},"51":{"start":{"line":94,"column":4},"end":{"line":94,"column":42}},"52":{"start":{"line":95,"column":4},"end":{"line":95,"column":10}},"53":{"start":{"line":97,"column":4},"end":{"line":97,"column":44}},"54":{"start":{"line":98,"column":4},"end":{"line":98,"column":10}},"55":{"start":{"line":100,"column":4},"end":{"line":102,"column":5}},"56":{"start":{"line":101,"column":5},"end":{"line":101,"column":24}},"57":{"start":{"line":103,"column":4},"end":{"line":105,"column":5}},"58":{"start":{"line":104,"column":5},"end":{"line":104,"column":46}},"59":{"start":{"line":106,"column":4},"end":{"line":106,"column":10}},"60":{"start":{"line":108,"column":4},"end":{"line":108,"column":20}},"61":{"start":{"line":109,"column":4},"end":{"line":109,"column":10}},"62":{"start":{"line":111,"column":4},"end":{"line":111,"column":21}},"63":{"start":{"line":112,"column":4},"end":{"line":112,"column":10}},"64":{"start":{"line":114,"column":4},"end":{"line":114,"column":11}},"65":{"start":{"line":119,"column":0},"end":{"line":119,"column":28}}},"fnMap":{"0":{"name":"(anonymous_0)","decl":{"start":{"line":4,"column":1},"end":{"line":4,"column":2}},"loc":{"start":{"line":4,"column":15},"end":{"line":18,"column":2}},"line":4},"1":{"name":"(anonymous_1)","decl":{"start":{"line":15,"column":48},"end":{"line":15,"column":49}},"loc":{"start":{"line":16,"column":3},"end":{"line":16,"column":28}},"line":16},"2":{"name":"(anonymous_2)","decl":{"start":{"line":20,"column":1},"end":{"line":20,"column":2}},"loc":{"start":{"line":20,"column":22},"end":{"line":26,"column":2}},"line":20},"3":{"name":"(anonymous_3)","decl":{"start":{"line":28,"column":1},"end":{"line":28,"column":2}},"loc":{"start":{"line":28,"column":15},"end":{"line":31,"column":2}},"line":28},"4":{"name":"(anonymous_4)","decl":{"start":{"line":33,"column":1},"end":{"line":33,"column":2}},"loc":{"start":{"line":33,"column":12},"end":{"line":39,"column":2}},"line":33},"5":{"name":"(anonymous_5)","decl":{"start":{"line":41,"column":1},"end":{"line":41,"column":2}},"loc":{"start":{"line":41,"column":26},"end":{"line":49,"column":2}},"line":41},"6":{"name":"(anonymous_6)","decl":{"start":{"line":51,"column":1},"end":{"line":51,"column":2}},"loc":{"start":{"line":51,"column":13},"end":{"line":81,"column":2}},"line":51},"7":{"name":"(anonymous_7)","decl":{"start":{"line":83,"column":1},"end":{"line":83,"column":2}},"loc":{"start":{"line":83,"column":22},"end":{"line":116,"column":2}},"line":83}},"branchMap":{"0":{"loc":{"start":{"line":21,"column":2},"end":{"line":24,"column":3}},"type":"if","locations":[{"start":{"line":21,"column":2},"end":{"line":24,"column":3}},{"start":{},"end":{}}],"line":21},"1":{"loc":{"start":{"line":21,"column":6},"end":{"line":21,"column":73}},"type":"binary-expr","locations":[{"start":{"line":21,"column":6},"end":{"line":21,"column":28}},{"start":{"line":21,"column":32},"end":{"line":21,"column":73}}],"line":21},"2":{"loc":{"start":{"line":42,"column":2},"end":{"line":42,"column":37}},"type":"if","locations":[{"start":{"line":42,"column":2},"end":{"line":42,"column":37}},{"start":{},"end":{}}],"line":42},"3":{"loc":{"start":{"line":43,"column":2},"end":{"line":45,"column":3}},"type":"if","locations":[{"start":{"line":43,"column":2},"end":{"line":45,"column":3}},{"start":{},"end":{}}],"line":43},"4":{"loc":{"start":{"line":52,"column":2},"end":{"line":52,"column":70}},"type":"if","locations":[{"start":{"line":52,"column":2},"end":{"line":52,"column":70}},{"start":{},"end":{}}],"line":52},"5":{"loc":{"start":{"line":52,"column":6},"end":{"line":52,"column":61}},"type":"binary-expr","locations":[{"start":{"line":52,"column":6},"end":{"line":52,"column":35}},{"start":{"line":52,"column":39},"end":{"line":52,"column":61}}],"line":52},"6":{"loc":{"start":{"line":56,"column":2},"end":{"line":71,"column":3}},"type":"switch","locations":[{"start":{"line":57,"column":3},"end":{"line":59,"column":10}},{"start":{"line":60,"column":3},"end":{"line":62,"column":10}},{"start":{"line":63,"column":3},"end":{"line":65,"column":10}},{"start":{"line":66,"column":3},"end":{"line":68,"column":10}},{"start":{"line":69,"column":3},"end":{"line":70,"column":11}}],"line":56},"7":{"loc":{"start":{"line":73,"column":2},"end":{"line":75,"column":3}},"type":"if","locations":[{"start":{"line":73,"column":2},"end":{"line":75,"column":3}},{"start":{},"end":{}}],"line":73},"8":{"loc":{"start":{"line":86,"column":2},"end":{"line":88,"column":3}},"type":"if","locations":[{"start":{"line":86,"column":2},"end":{"line":88,"column":3}},{"start":{},"end":{}}],"line":86},"9":{"loc":{"start":{"line":86,"column":6},"end":{"line":86,"column":42}},"type":"binary-expr","locations":[{"start":{"line":86,"column":6},"end":{"line":86,"column":13}},{"start":{"line":86,"column":17},"end":{"line":86,"column":42}}],"line":86},"10":{"loc":{"start":{"line":92,"column":2},"end":{"line":115,"column":3}},"type":"switch","locations":[{"start":{"line":93,"column":3},"end":{"line":95,"column":10}},{"start":{"line":96,"column":3},"end":{"line":98,"column":10}},{"start":{"line":99,"column":3},"end":{"line":106,"column":10}},{"start":{"line":107,"column":3},"end":{"line":109,"column":10}},{"start":{"line":110,"column":3},"end":{"line":112,"column":10}},{"start":{"line":113,"column":3},"end":{"line":114,"column":11}}],"line":92},"11":{"loc":{"start":{"line":100,"column":4},"end":{"line":102,"column":5}},"type":"if","locations":[{"start":{"line":100,"column":4},"end":{"line":102,"column":5}},{"start":{},"end":{}}],"line":100},"12":{"loc":{"start":{"line":103,"column":4},"end":{"line":105,"column":5}},"type":"if","locations":[{"start":{"line":103,"column":4},"end":{"line":105,"column":5}},{"start":{},"end":{}}],"line":103}},"s":{"0":18,"1":18,"2":18,"3":18,"4":18,"5":18,"6":18,"7":18,"8":0,"9":3,"10":0,"11":0,"12":3,"13":1,"14":1,"15":1,"16":1,"17":1,"18":1,"19":1,"20":3,"21":0,"22":3,"23":1,"24":2,"25":2,"26":2,"27":3,"28":1,"29":2,"30":2,"31":2,"32":2,"33":0,"34":0,"35":0,"36":0,"37":0,"38":0,"39":0,"40":2,"41":0,"42":2,"43":0,"44":0,"45":0,"46":10,"47":10,"48":1,"49":9,"50":2,"51":1,"52":1,"53":1,"54":1,"55":0,"56":0,"57":0,"58":0,"59":0,"60":0,"61":0,"62":0,"63":0,"64":0,"65":1},"f":{"0":18,"1":0,"2":3,"3":1,"4":1,"5":3,"6":3,"7":10},"b":{"0":[0,3],"1":[3,3],"2":[0,3],"3":[1,2],"4":[1,2],"5":[3,2],"6":[2,0,0,0,0],"7":[0,2],"8":[1,9],"9":[10,10],"10":[1,1,0,0,0,0],"11":[0,0],"12":[0,0]},"_coverageSchema":"1a1c01bbd47fc00a2c39e90264f33305004495a9","hash":"b3b7caa7b561fae73166effed099ce9ea8e8b53b"}
,"/Users/graceelizabethmorgan-maxwell/code /JS-Calculator/src/emoji.js": {"path":"/Users/graceelizabethmorgan-maxwell/code /JS-Calculator/src/emoji.js","statementMap":{"0":{"start":{"line":3,"column":15},"end":{"line":18,"column":1}},"1":{"start":{"line":21,"column":1},"end":{"line":21,"column":29}},"2":{"start":{"line":21,"column":22},"end":{"line":21,"column":29}},"3":{"start":{"line":23,"column":22},"end":{"line":23,"column":51}},"4":{"start":{"line":24,"column":26},"end":{"line":24,"column":67}},"5":{"start":{"line":25,"column":17},"end":{"line":25,"column":36}},"6":{"start":{"line":26,"column":24},"end":{"line":26,"column":46}},"7":{"start":{"line":28,"column":1},"end":{"line":28,"column":37}},"8":{"start":{"line":29,"column":1},"end":{"line":29,"column":53}},"9":{"start":{"line":30,"column":1},"end":{"line":30,"column":41}},"10":{"start":{"line":31,"column":1},"end":{"line":31,"column":61}},"11":{"start":{"line":33,"column":1},"end":{"line":33,"column":42}},"12":{"start":{"line":35,"column":1},"end":{"line":37,"column":27}},"13":{"start":{"line":36,"column":2},"end":{"line":36,"column":43}},"14":{"start":{"line":41,"column":1},"end":{"line":41,"column":37}},"15":{"start":{"line":42,"column":1},"end":{"line":45,"column":3}},"16":{"start":{"line":43,"column":8},"end":{"line":43,"column":50}},"17":{"start":{"line":48,"column":0},"end":{"line":51,"column":3}},"18":{"start":{"line":49,"column":24},"end":{"line":49,"column":66}},"19":{"start":{"line":50,"column":1},"end":{"line":50,"column":44}},"20":{"start":{"line":53,"column":0},"end":{"line":56,"column":2}}},"fnMap":{"0":{"name":"generateRandomEmoji","decl":{"start":{"line":20,"column":9},"end":{"line":20,"column":28}},"loc":{"start":{"line":20,"column":45},"end":{"line":38,"column":1}},"line":20},"1":{"name":"(anonymous_1)","decl":{"start":{"line":35,"column":12},"end":{"line":35,"column":13}},"loc":{"start":{"line":35,"column":18},"end":{"line":37,"column":2}},"line":35},"2":{"name":"generateEmojisContinuously","decl":{"start":{"line":40,"column":9},"end":{"line":40,"column":35}},"loc":{"start":{"line":40,"column":52},"end":{"line":46,"column":1}},"line":40},"3":{"name":"(anonymous_3)","decl":{"start":{"line":43,"column":2},"end":{"line":43,"column":3}},"loc":{"start":{"line":43,"column":8},"end":{"line":43,"column":50}},"line":43},"4":{"name":"(anonymous_4)","decl":{"start":{"line":48,"column":46},"end":{"line":48,"column":47}},"loc":{"start":{"line":48,"column":52},"end":{"line":51,"column":1}},"line":48}},"branchMap":{"0":{"loc":{"start":{"line":21,"column":1},"end":{"line":21,"column":29}},"type":"if","locations":[{"start":{"line":21,"column":1},"end":{"line":21,"column":29}},{"start":{},"end":{}}],"line":21}},"s":{"0":1,"1":50004,"2":0,"3":50004,"4":50004,"5":50004,"6":50004,"7":50004,"8":50004,"9":50004,"10":50004,"11":50004,"12":50004,"13":49998,"14":50003,"15":50003,"16":50002,"17":1,"18":0,"19":0,"20":1},"f":{"0":50004,"1":49998,"2":50003,"3":50002,"4":0},"b":{"0":[0,50004]},"_coverageSchema":"1a1c01bbd47fc00a2c39e90264f33305004495a9","hash":"65f2ef5260a4279e2e01aa431b0f18d47ddab4dc"}
}
