TN:
SF:src/emoji.js
FN:20,generateRandomEmoji
FN:35,(anonymous_1)
FN:40,generateEmojisContinuously
FN:43,(anonymous_3)
FN:48,(anonymous_4)
FNF:5
FNH:4
FNDA:50004,generateRandomEmoji
FNDA:49998,(anonymous_1)
FNDA:50003,generateEmojisContinuously
FNDA:50002,(anonymous_3)
FNDA:0,(anonymous_4)
DA:3,1
DA:21,50004
DA:23,50004
DA:24,50004
DA:25,50004
DA:26,50004
DA:28,50004
DA:29,50004
DA:30,50004
DA:31,50004
DA:33,50004
DA:35,50004
DA:36,49998
DA:41,50003
DA:42,50003
DA:43,50002
DA:48,1
DA:49,0
DA:50,0
DA:53,1
LF:20
LH:18
BRDA:21,0,0,0
BRDA:21,0,1,50004
BRF:2
BRH:1
end_of_record
