TN:
SF:src/calculator.js
FN:2,(anonymous_0)
FN:13,(anonymous_1)
FN:18,(anonymous_2)
FN:26,(anonymous_3)
FN:31,(anonymous_4)
FN:39,(anonymous_5)
FN:49,(anonymous_6)
FN:81,(anonymous_7)
FNF:8
FNH:7
FNDA:18,(anonymous_0)
FNDA:0,(anonymous_1)
FNDA:4,(anonymous_2)
FNDA:2,(anonymous_3)
FNDA:1,(anonymous_4)
FNDA:3,(anonymous_5)
FNDA:3,(anonymous_6)
FNDA:10,(anonymous_7)
DA:3,18
DA:4,18
DA:5,18
DA:8,18
DA:9,18
DA:10,18
DA:11,18
DA:13,18
DA:14,0
DA:19,4
DA:20,1
DA:21,1
DA:23,4
DA:27,2
DA:28,2
DA:32,1
DA:33,1
DA:34,1
DA:35,1
DA:36,1
DA:40,3
DA:41,3
DA:42,1
DA:44,2
DA:45,2
DA:46,2
DA:50,3
DA:51,2
DA:54,2
DA:56,2
DA:57,2
DA:59,0
DA:60,0
DA:62,0
DA:63,0
DA:65,0
DA:66,0
DA:68,0
DA:71,2
DA:72,0
DA:75,2
DA:76,0
DA:77,0
DA:78,0
DA:82,10
DA:84,10
DA:85,1
DA:88,9
DA:90,2
DA:92,1
DA:93,1
DA:95,1
DA:96,1
DA:98,0
DA:99,0
DA:101,0
DA:102,0
DA:104,0
DA:106,0
DA:107,0
DA:109,0
DA:110,0
DA:112,0
DA:117,1
LF:64
LH:42
BRDA:19,0,0,1
BRDA:19,0,1,3
BRDA:19,1,0,4
BRDA:19,1,1,3
BRDA:40,2,0,0
BRDA:40,2,1,3
BRDA:41,3,0,1
BRDA:41,3,1,2
BRDA:50,4,0,1
BRDA:50,4,1,2
BRDA:50,5,0,3
BRDA:50,5,1,2
BRDA:54,6,0,2
BRDA:54,6,1,0
BRDA:54,6,2,0
BRDA:54,6,3,0
BRDA:54,6,4,0
BRDA:71,7,0,0
BRDA:71,7,1,2
BRDA:84,8,0,1
BRDA:84,8,1,9
BRDA:84,9,0,10
BRDA:84,9,1,10
BRDA:90,10,0,1
BRDA:90,10,1,1
BRDA:90,10,2,0
BRDA:90,10,3,0
BRDA:90,10,4,0
BRDA:90,10,5,0
BRDA:98,11,0,0
BRDA:98,11,1,0
BRDA:101,12,0,0
BRDA:101,12,1,0
BRF:33
BRH:19
end_of_record
TN:
SF:src/emoji.js
FN:20,generateRandomEmoji
FN:35,(anonymous_1)
FN:40,generateEmojisContinuously
FN:43,(anonymous_3)
FN:48,(anonymous_4)
FNF:5
FNH:3
FNDA:4,generateRandomEmoji
FNDA:0,(anonymous_1)
FNDA:3,generateEmojisContinuously
FNDA:2,(anonymous_3)
FNDA:0,(anonymous_4)
DA:3,1
DA:21,4
DA:23,4
DA:24,4
DA:25,4
DA:26,4
DA:28,4
DA:29,4
DA:30,4
DA:31,4
DA:33,4
DA:35,4
DA:36,0
DA:41,3
DA:42,3
DA:43,2
DA:48,1
DA:49,0
DA:50,0
DA:53,1
LF:20
LH:17
BRDA:21,0,0,0
BRDA:21,0,1,4
BRF:2
BRH:1
end_of_record
